[debug] [2023-05-04T23:55:31.566Z] ----------------------------------------------------------------------
[debug] [2023-05-04T23:55:31.567Z] Command:       /home/lewis/.nvm/versions/node/v18.12.1/bin/node /home/lewis/.nvm/versions/node/v18.12.1/bin/firebase init
[debug] [2023-05-04T23:55:31.567Z] CLI Version:   11.30.0
[debug] [2023-05-04T23:55:31.567Z] Platform:      linux
[debug] [2023-05-04T23:55:31.568Z] Node Version:  v18.12.1
[debug] [2023-05-04T23:55:31.568Z] Time:          Fri May 05 2023 00:55:31 GMT+0100 (British Summer Time)
[debug] [2023-05-04T23:55:31.568Z] ----------------------------------------------------------------------
[debug] 
[debug] [2023-05-04T23:55:31.570Z] >>> [apiv2][query] GET https://firebase-public.firebaseio.com/cli.json [none]
[debug] [2023-05-04T23:55:31.599Z] > command requires scopes: ["email","openid","https://www.googleapis.com/auth/cloudplatformprojects.readonly","https://www.googleapis.com/auth/firebase","https://www.googleapis.com/auth/cloud-platform"]
[debug] [2023-05-04T23:55:31.599Z] > authorizing via signed-in user (lknapp1888@gmail.com)
[info] 
     ######## #### ########  ######## ########     ###     ######  ########
     ##        ##  ##     ## ##       ##     ##  ##   ##  ##       ##
     ######    ##  ########  ######   ########  #########  ######  ######
     ##        ##  ##    ##  ##       ##     ## ##     ##       ## ##
     ##       #### ##     ## ######## ########  ##     ##  ######  ########

You're about to initialize a Firebase project in this directory:

  /home/lewis/repos/REACT/reddit-clone-project

[debug] [2023-05-04T23:55:31.847Z] <<< [apiv2][status] GET https://firebase-public.firebaseio.com/cli.json 200
[debug] [2023-05-04T23:55:31.848Z] <<< [apiv2][body] GET https://firebase-public.firebaseio.com/cli.json {"cloudBuildErrorAfter":1594252800000,"cloudBuildWarnAfter":1590019200000,"defaultNode10After":1594252800000,"minVersion":"3.0.5","node8DeploysDisabledAfter":1613390400000,"node8RuntimeDisabledAfter":1615809600000,"node8WarnAfter":1600128000000}
[debug] [2023-05-04T23:55:55.763Z] Error: setRawMode EIO
    at ReadStream.setRawMode (node:tty:77:31)
    at [_setRawMode] [as _setRawMode] (node:internal/readline/interface:383:18)
    at Interface.close (node:internal/readline/interface:533:24)
    at ReadStream.ontermend (node:internal/readline/interface:269:10)
    at ReadStream.emit (node:events:525:35)
    at ReadStream.emit (node:domain:489:12)
    at endReadableNT (node:internal/streams/readable:1359:12)
    at process.processTicksAndRejections (node:internal/process/task_queues:82:21)
[error] 
[error] Error: An unexpected error has occurred.
[debug] [2023-05-04T23:55:55.765Z] Error: write EIO
    at afterWriteDispatched (node:internal/stream_base_commons:160:15)
    at writeGeneric (node:internal/stream_base_commons:151:3)
    at Socket._writeGeneric (node:net:917:11)
    at Socket._write (node:net:929:8)
    at writeOrBuffer (node:internal/streams/writable:392:12)
    at _write (node:internal/streams/writable:333:10)
    at Writable.write (node:internal/streams/writable:337:10)
    at Console.log (/home/lewis/.nvm/versions/node/v18.12.1/lib/node_modules/firebase-tools/node_modules/winston/lib/winston/transports/console.js:79:23)
    at Console._write (/home/lewis/.nvm/versions/node/v18.12.1/lib/node_modules/firebase-tools/node_modules/winston-transport/index.js:103:17)
    at doWrite (/home/lewis/.nvm/versions/node/v18.12.1/lib/node_modules/firebase-tools/node_modules/winston-transport/node_modules/readable-stream/lib/_stream_writable.js:428:64)
[error] 
[error] Error: An unexpected error has occurred.
[debug] [2023-05-04T23:55:55.765Z] Error: write EIO
    at afterWriteDispatched (node:internal/stream_base_commons:160:15)
    at writeGeneric (node:internal/stream_base_commons:151:3)
    at Socket._writeGeneric (node:net:917:11)
    at Socket._write (node:net:929:8)
    at writeOrBuffer (node:internal/streams/writable:392:12)
    at _write (node:internal/streams/writable:333:10)
    at Writable.write (node:internal/streams/writable:337:10)
    at Console.log (/home/lewis/.nvm/versions/node/v18.12.1/lib/node_modules/firebase-tools/node_modules/winston/lib/winston/transports/console.js:79:23)
    at Console._write (/home/lewis/.nvm/versions/node/v18.12.1/lib/node_modules/firebase-tools/node_modules/winston-transport/index.js:103:17)
    at doWrite (/home/lewis/.nvm/versions/node/v18.12.1/lib/node_modules/firebase-tools/node_modules/winston-transport/node_modules/readable-stream/lib/_stream_writable.js:428:64)
[error] 
[error] Error: An unexpected error has occurred.
[debug] [2023-05-04T23:55:55.766Z] Error: write EIO
    at afterWriteDispatched (node:internal/stream_base_commons:160:15)
    at writeGeneric (node:internal/stream_base_commons:151:3)
    at Socket._writeGeneric (node:net:917:11)
    at Socket._write (node:net:929:8)
    at writeOrBuffer (node:internal/streams/writable:392:12)
    at _write (node:internal/streams/writable:333:10)
    at Writable.write (node:internal/streams/writable:337:10)
    at Console.log (/home/lewis/.nvm/versions/node/v18.12.1/lib/node_modules/firebase-tools/node_modules/winston/lib/winston/transports/console.js:79:23)
    at Console._write (/home/lewis/.nvm/versions/node/v18.12.1/lib/node_modules/firebase-tools/node_modules/winston-transport/index.js:103:17)
    at doWrite (/home/lewis/.nvm/versions/node/v18.12.1/lib/node_modules/firebase-tools/node_modules/winston-transport/node_modules/readable-stream/lib/_stream_writable.js:428:64)
[error] 
[error] Error: An unexpected error has occurred.
[debug] [2023-05-04T23:55:55.766Z] Error: write EIO
    at afterWriteDispatched (node:internal/stream_base_commons:160:15)
    at writeGeneric (node:internal/stream_base_commons:151:3)
    at Socket._writeGeneric (node:net:917:11)
    at Socket._write (node:net:929:8)
    at writeOrBuffer (node:internal/streams/writable:392:12)
    at _write (node:internal/streams/writable:333:10)
    at Writable.write (node:internal/streams/writable:337:10)
    at Console.log (/home/lewis/.nvm/versions/node/v18.12.1/lib/node_modules/firebase-tools/node_modules/winston/lib/winston/transports/console.js:79:23)
    at Console._write (/home/lewis/.nvm/versions/node/v18.12.1/lib/node_modules/firebase-tools/node_modules/winston-transport/index.js:103:17)
    at doWrite (/home/lewis/.nvm/versions/node/v18.12.1/lib/node_modules/firebase-tools/node_modules/winston-transport/node_modules/readable-stream/lib/_stream_writable.js:428:64)
[error] 
[error] Error: An unexpected error has occurred.
[debug] [2023-05-04T23:55:55.767Z] Error: write EIO
    at afterWriteDispatched (node:internal/stream_base_commons:160:15)
    at writeGeneric (node:internal/stream_base_commons:151:3)
    at Socket._writeGeneric (node:net:917:11)
    at Socket._write (node:net:929:8)
    at writeOrBuffer (node:internal/streams/writable:392:12)
    at _write (node:internal/streams/writable:333:10)
    at Writable.write (node:internal/streams/writable:337:10)
    at Console.log (/home/lewis/.nvm/versions/node/v18.12.1/lib/node_modules/firebase-tools/node_modules/winston/lib/winston/transports/console.js:79:23)
    at Console._write (/home/lewis/.nvm/versions/node/v18.12.1/lib/node_modules/firebase-tools/node_modules/winston-transport/index.js:103:17)
    at doWrite (/home/lewis/.nvm/versions/node/v18.12.1/lib/node_modules/firebase-tools/node_modules/winston-transport/node_modules/readable-stream/lib/_stream_writable.js:428:64)
[error] 
[error] Error: An unexpected error has occurred.
[debug] [2023-05-04T23:55:55.767Z] Error: write EIO
    at afterWriteDispatched (node:internal/stream_base_commons:160:15)
    at writeGeneric (node:internal/stream_base_commons:151:3)
    at Socket._writeGeneric (node:net:917:11)
    at Socket._write (node:net:929:8)
    at writeOrBuffer (node:internal/streams/writable:392:12)
    at _write (node:internal/streams/writable:333:10)
    at Writable.write (node:internal/streams/writable:337:10)
    at Console.log (/home/lewis/.nvm/versions/node/v18.12.1/lib/node_modules/firebase-tools/node_modules/winston/lib/winston/transports/console.js:79:23)
    at Console._write (/home/lewis/.nvm/versions/node/v18.12.1/lib/node_modules/firebase-tools/node_modules/winston-transport/index.js:103:17)
    at doWrite (/home/lewis/.nvm/versions/node/v18.12.1/lib/node_modules/firebase-tools/node_modules/winston-transport/node_modules/readable-stream/lib/_stream_writable.js:428:64)
[error] 
[error] Error: An unexpected error has occurred.
[debug] [2023-05-04T23:55:55.768Z] Error: write EIO
    at afterWriteDispatched (node:internal/stream_base_commons:160:15)
    at writeGeneric (node:internal/stream_base_commons:151:3)
    at Socket._writeGeneric (node:net:917:11)
    at Socket._write (node:net:929:8)
    at writeOrBuffer (node:internal/streams/writable:392:12)
    at _write (node:internal/streams/writable:333:10)
    at Writable.write (node:internal/streams/writable:337:10)
    at Console.log (/home/lewis/.nvm/versions/node/v18.12.1/lib/node_modules/firebase-tools/node_modules/winston/lib/winston/transports/console.js:79:23)
    at Console._write (/home/lewis/.nvm/versions/node/v18.12.1/lib/node_modules/firebase-tools/node_modules/winston-transport/index.js:103:17)
    at doWrite (/home/lewis/.nvm/versions/node/v18.12.1/lib/node_modules/firebase-tools/node_modules/winston-transport/node_modules/readable-stream/lib/_stream_writable.js:428:64)
[error] 
[error] Error: An unexpected error has occurred.
